<?xml version="1.0" encoding="UTF-8"?>
<!-- Generated by org.testng.reporters.JUnitReportReporter -->
<testsuite hostname="Haritha" failures="0" tests="1" name="Gettingstarted.Assg1" time="5.778" errors="0" timestamp="2024-07-31T13:57:53 CDT" skipped="0">
  <testcase classname="Gettingstarted.Assg1" name="getUsers" time="5.778"/>
</testsuite> <!-- Gettingstarted.Assg1 -->
