<?xml version="1.0" encoding="UTF-8"?>
<!-- Generated by org.testng.reporters.JUnitReportReporter -->
<testsuite hostname="Haritha" failures="0" tests="1" name="Gettingstarted.Assg2NonBDD" time="4.417" errors="0" timestamp="2024-07-31T13:59:31 CDT" skipped="0">
  <testcase classname="Gettingstarted.Assg2NonBDD" name="getUsers" time="4.417"/>
</testsuite> <!-- Gettingstarted.Assg2NonBDD -->
